<?xml version="1.0" encoding="UTF-8"?>
<!-- Generated by org.testng.reporters.JUnitXMLReporter -->
<testsuite hostname="Kamils-Mac-mini" ignored="0" name="Surefire test" tests="1" failures="1" timestamp="02 May 2020 12:29:06 GMT" time="16.913" errors="0">
  <testcase name="oldTest" time="16.885" classname="SeleniumAcademy.AppTest">
    <failure type="org.openqa.selenium.ElementClickInterceptedException" message="element click intercepted: Element &amp;lt;div class=&amp;quot;oc3-product-variants&amp;quot;&amp;gt;...&amp;lt;/div&amp;gt; is not clickable at point (982, 317). Other element would receive the click: &amp;lt;img data-bind=&amp;quot;attr: {src: childSKUs &amp;amp;amp;&amp;amp;amp; childSKUs.length &amp;gt; 0 &amp;amp;amp;&amp;amp;amp; childSKUs[0].primaryThumbImageURL ?
                                                                        childSKUs[0].primaryThumbImageURL : primaryThumbImageURL, alt: $parent.displayName}&amp;quot; alt=&amp;quot;PARK UP&amp;quot; src=&amp;quot;/ccstore/v1/images/?source=/file/v5572238391200008798/products/105063_medium.jpg&amp;amp;amp;height=100&amp;amp;amp;width=100&amp;quot;&amp;gt;
  (Session info: chrome=81.0.4044.129)
Build info: version: &amp;apos;3.141.59&amp;apos;, revision: &amp;apos;e82be7d358&amp;apos;, time: &amp;apos;2018-11-14T08:17:03&amp;apos;
System info: host: &amp;apos;Kamils-Mac-mini&amp;apos;, ip: &amp;apos;2a02:c7f:363d:3200:dc9e:edcf:c608:d556%en0&amp;apos;, os.name: &amp;apos;Mac OS X&amp;apos;, os.arch: &amp;apos;x86_64&amp;apos;, os.version: &amp;apos;10.13.6&amp;apos;, java.version: &amp;apos;1.8.0_241&amp;apos;
Driver info: org.openqa.selenium.chrome.ChromeDriver
Capabilities {acceptInsecureCerts: false, browserName: chrome, browserVersion: 81.0.4044.129, chrome: {chromedriverVersion: 81.0.4044.69 (6813546031a4b..., userDataDir: /var/folders/mq/r6jgtywj4m1...}, goog:chromeOptions: {debuggerAddress: localhost:51550}, javascriptEnabled: true, networkConnectionEnabled: false, pageLoadStrategy: normal, platform: MAC, platformName: MAC, proxy: Proxy(), setWindowRect: true, strictFileInteractability: false, timeouts: {implicit: 0, pageLoad: 300000, script: 30000}, unhandledPromptBehavior: dismiss and notify, webauthn:virtualAuthenticators: true}
Session ID: b3bd42f243efb5531f7febe420bd65d6">
      <![CDATA[org.openqa.selenium.ElementClickInterceptedException: element click intercepted: Element <div class="oc3-product-variants">...</div> is not clickable at point (982, 317). Other element would receive the click: <img data-bind="attr: {src: childSKUs &amp;&amp; childSKUs.length > 0 &amp;&amp; childSKUs[0].primaryThumbImageURL ?
                                                                        childSKUs[0].primaryThumbImageURL : primaryThumbImageURL, alt: $parent.displayName}" alt="PARK UP" src="/ccstore/v1/images/?source=/file/v5572238391200008798/products/105063_medium.jpg&amp;height=100&amp;width=100">
  (Session info: chrome=81.0.4044.129)
Build info: version: '3.141.59', revision: 'e82be7d358', time: '2018-11-14T08:17:03'
System info: host: 'Kamils-Mac-mini', ip: '2a02:c7f:363d:3200:dc9e:edcf:c608:d556%en0', os.name: 'Mac OS X', os.arch: 'x86_64', os.version: '10.13.6', java.version: '1.8.0_241'
Driver info: org.openqa.selenium.chrome.ChromeDriver
Capabilities {acceptInsecureCerts: false, browserName: chrome, browserVersion: 81.0.4044.129, chrome: {chromedriverVersion: 81.0.4044.69 (6813546031a4b..., userDataDir: /var/folders/mq/r6jgtywj4m1...}, goog:chromeOptions: {debuggerAddress: localhost:51550}, javascriptEnabled: true, networkConnectionEnabled: false, pageLoadStrategy: normal, platform: MAC, platformName: MAC, proxy: Proxy(), setWindowRect: true, strictFileInteractability: false, timeouts: {implicit: 0, pageLoad: 300000, script: 30000}, unhandledPromptBehavior: dismiss and notify, webauthn:virtualAuthenticators: true}
Session ID: b3bd42f243efb5531f7febe420bd65d6
at org.openqa.selenium.remote.http.W3CHttpResponseCodec.createException(W3CHttpResponseCodec.java:187)
at org.openqa.selenium.remote.http.W3CHttpResponseCodec.decode(W3CHttpResponseCodec.java:122)
at org.openqa.selenium.remote.http.W3CHttpResponseCodec.decode(W3CHttpResponseCodec.java:49)
at org.openqa.selenium.remote.HttpCommandExecutor.execute(HttpCommandExecutor.java:158)
at org.openqa.selenium.remote.service.DriverCommandExecutor.execute(DriverCommandExecutor.java:83)
at org.openqa.selenium.remote.RemoteWebDriver.execute(RemoteWebDriver.java:552)
at org.openqa.selenium.remote.RemoteWebElement.execute(RemoteWebElement.java:285)
at org.openqa.selenium.remote.RemoteWebElement.click(RemoteWebElement.java:84)
at SeleniumAcademy.AppTest.oldTest(AppTest.java:83)
... Removed 34 stack frames]]>
    </failure>
  </testcase> <!-- oldTest -->
</testsuite> <!-- Surefire test -->
